2014-05-26 10:48:35.742 HelloCordova[31745:80b] Multi-tasking -> Device: YES, App: YES
2014-05-26 10:48:35.768 HelloCordova[31745:80b] Unlimited access to network resources
2014-05-26 10:48:36.003 HelloCordova[31745:80b] [CDVTimer][keyboard] 0.082970ms
2014-05-26 10:48:36.004 HelloCordova[31745:80b] CDVPlugin class CDVStatusBar (pluginName: statusbar) does not exist.
2014-05-26 10:48:36.005 HelloCordova[31745:80b] [CDVTimer][statusbar] 0.788987ms
2014-05-26 10:48:36.006 HelloCordova[31745:80b] [CDVTimer][TotalPluginStartup] 2.301037ms
2014-05-26 10:48:36.194 HelloCordova[31745:80b] Resetting plugins due to page load.
2014-05-26 10:48:36.382 HelloCordova[31745:80b] Finished load of: file:///Users/mattolde/Library/Application%20Support/iPhone%20Simulator/7.0.3/Applications/E6286A77-1385-49C1-A981-9E7E8E963E67/HelloCordova.app/www/index.html
2014-05-28 14:36:01.044 HelloCordova[8274:80b] Multi-tasking -> Device: YES, App: YES
2014-05-28 14:36:01.064 HelloCordova[8274:80b] Unlimited access to network resources
2014-05-28 14:36:01.216 HelloCordova[8274:80b] [CDVTimer][keyboard] 0.061989ms
2014-05-28 14:36:01.217 HelloCordova[8274:80b] CDVPlugin class CDVStatusBar (pluginName: statusbar) does not exist.
2014-05-28 14:36:01.217 HelloCordova[8274:80b] [CDVTimer][statusbar] 0.392973ms
2014-05-28 14:36:01.218 HelloCordova[8274:80b] [CDVTimer][TotalPluginStartup] 1.276016ms
2014-05-28 14:36:01.323 HelloCordova[8274:80b] Resetting plugins due to page load.
2014-05-28 14:36:02.477 HelloCordova[8274:80b] Finished load of: file:///Users/mattolde/Library/Application%20Support/iPhone%20Simulator/7.0.3/Applications/E6286A77-1385-49C1-A981-9E7E8E963E67/HelloCordova.app/www/index.html
2014-05-28 14:43:30.911 SFSense[8699:80b] Multi-tasking -> Device: YES, App: YES
2014-05-28 14:43:30.917 SFSense[8699:80b] Unlimited access to network resources
2014-05-28 14:43:30.919 SFSense[8699:80b] Fix applied for database locations?: YES
2014-05-28 14:43:30.933 SFSense[8699:80b] [CDVTimer][keyboard] 0.057042ms
2014-05-28 14:43:30.934 SFSense[8699:80b] CDVPlugin class CDVStatusBar (pluginName: statusbar) does not exist.
2014-05-28 14:43:30.934 SFSense[8699:80b] [CDVTimer][statusbar] 0.320017ms
2014-05-28 14:43:30.934 SFSense[8699:80b] [CDVTimer][TotalPluginStartup] 1.052976ms
2014-05-28 14:43:30.961 SFSense[8699:80b] Resetting plugins due to page load.
2014-05-28 14:43:32.150 SFSense[8699:80b] Finished load of: file:///Users/mattolde/Library/Application%20Support/iPhone%20Simulator/7.0.3/Applications/DEA9EE75-034A-4676-96FD-F388F53D4096/SFSense.app/www/index.html
2014-05-28 14:48:01.686 SFSense[9096:80b] Multi-tasking -> Device: YES, App: YES
2014-05-28 14:48:01.691 SFSense[9096:80b] Unlimited access to network resources
2014-05-28 14:48:01.706 SFSense[9096:80b] [CDVTimer][keyboard] 0.056982ms
2014-05-28 14:48:01.707 SFSense[9096:80b] CDVPlugin class CDVStatusBar (pluginName: statusbar) does not exist.
2014-05-28 14:48:01.707 SFSense[9096:80b] [CDVTimer][statusbar] 0.311017ms
2014-05-28 14:48:01.707 SFSense[9096:80b] [CDVTimer][TotalPluginStartup] 1.068950ms
2014-05-28 14:48:01.734 SFSense[9096:80b] Resetting plugins due to page load.
2014-05-28 14:48:04.729 SFSense[9096:80b] Finished load of: file:///Users/mattolde/Library/Application%20Support/iPhone%20Simulator/7.0.3/Applications/DEA9EE75-034A-4676-96FD-F388F53D4096/SFSense.app/www/index.html
2014-05-28 14:48:45.951 SFSense[9432:80b] Multi-tasking -> Device: YES, App: YES
2014-05-28 14:48:45.957 SFSense[9432:80b] Unlimited access to network resources
2014-05-28 14:48:45.973 SFSense[9432:80b] [CDVTimer][keyboard] 0.060976ms
2014-05-28 14:48:45.973 SFSense[9432:80b] CDVPlugin class CDVStatusBar (pluginName: statusbar) does not exist.
2014-05-28 14:48:45.973 SFSense[9432:80b] [CDVTimer][statusbar] 0.316024ms
2014-05-28 14:48:45.974 SFSense[9432:80b] [CDVTimer][TotalPluginStartup] 1.058042ms
2014-05-28 14:48:46.003 SFSense[9432:80b] Resetting plugins due to page load.
2014-05-28 14:48:47.031 SFSense[9432:80b] Finished load of: file:///Users/mattolde/Library/Application%20Support/iPhone%20Simulator/7.0.3/Applications/DEA9EE75-034A-4676-96FD-F388F53D4096/SFSense.app/www/index.html
2014-05-28 14:49:22.823 SFSense[9777:80b] Multi-tasking -> Device: YES, App: YES
2014-05-28 14:49:22.828 SFSense[9777:80b] Unlimited access to network resources
2014-05-28 14:49:22.844 SFSense[9777:80b] [CDVTimer][keyboard] 0.059962ms
2014-05-28 14:49:22.844 SFSense[9777:80b] CDVPlugin class CDVStatusBar (pluginName: statusbar) does not exist.
2014-05-28 14:49:22.844 SFSense[9777:80b] [CDVTimer][statusbar] 0.348985ms
2014-05-28 14:49:22.845 SFSense[9777:80b] [CDVTimer][TotalPluginStartup] 1.250982ms
2014-05-28 14:49:22.872 SFSense[9777:80b] Resetting plugins due to page load.
2014-05-28 14:49:23.330 SFSense[9777:80b] Finished load of: file:///Users/mattolde/Library/Application%20Support/iPhone%20Simulator/7.0.3/Applications/DEA9EE75-034A-4676-96FD-F388F53D4096/SFSense.app/www/index.html
2014-05-28 14:52:56.333 SFSense[10148:80b] Multi-tasking -> Device: YES, App: YES
2014-05-28 14:52:56.341 SFSense[10148:80b] Unlimited access to network resources
2014-05-28 14:52:56.357 SFSense[10148:80b] [CDVTimer][keyboard] 0.059009ms
2014-05-28 14:52:56.358 SFSense[10148:80b] CDVPlugin class CDVStatusBar (pluginName: statusbar) does not exist.
2014-05-28 14:52:56.358 SFSense[10148:80b] [CDVTimer][statusbar] 0.293016ms
2014-05-28 14:52:56.358 SFSense[10148:80b] [CDVTimer][TotalPluginStartup] 1.067042ms
2014-05-28 14:52:56.385 SFSense[10148:80b] Resetting plugins due to page load.
2014-05-28 14:52:56.910 SFSense[10148:80b] Finished load of: file:///Users/mattolde/Library/Application%20Support/iPhone%20Simulator/7.0.3/Applications/DEA9EE75-034A-4676-96FD-F388F53D4096/SFSense.app/www/index.html
2014-05-28 14:56:15.911 SFSense[10514:80b] Multi-tasking -> Device: YES, App: YES
2014-05-28 14:56:15.916 SFSense[10514:80b] Unlimited access to network resources
2014-05-28 14:56:15.932 SFSense[10514:80b] [CDVTimer][keyboard] 0.057995ms
2014-05-28 14:56:15.933 SFSense[10514:80b] CDVPlugin class CDVStatusBar (pluginName: statusbar) does not exist.
2014-05-28 14:56:15.933 SFSense[10514:80b] [CDVTimer][statusbar] 0.295997ms
2014-05-28 14:56:15.933 SFSense[10514:80b] [CDVTimer][TotalPluginStartup] 1.039982ms
2014-05-28 14:56:15.963 SFSense[10514:80b] Resetting plugins due to page load.
2014-05-28 14:56:17.570 SFSense[10514:80b] Finished load of: file:///Users/mattolde/Library/Application%20Support/iPhone%20Simulator/7.0.3/Applications/DEA9EE75-034A-4676-96FD-F388F53D4096/SFSense.app/www/index.html
2014-05-28 15:11:51.597 SFSense[11159:80b] Multi-tasking -> Device: YES, App: YES
2014-05-28 15:11:51.602 SFSense[11159:80b] Unlimited access to network resources
2014-05-28 15:11:51.617 SFSense[11159:80b] [CDVTimer][keyboard] 0.054002ms
2014-05-28 15:11:51.618 SFSense[11159:80b] CDVPlugin class CDVStatusBar (pluginName: statusbar) does not exist.
2014-05-28 15:11:51.618 SFSense[11159:80b] [CDVTimer][statusbar] 0.364959ms
2014-05-28 15:11:51.618 SFSense[11159:80b] [CDVTimer][TotalPluginStartup] 1.119018ms
2014-05-28 15:11:51.646 SFSense[11159:80b] Resetting plugins due to page load.
2014-05-28 15:11:53.718 SFSense[11159:80b] Finished load of: file:///Users/mattolde/Library/Application%20Support/iPhone%20Simulator/7.0.3/Applications/DEA9EE75-034A-4676-96FD-F388F53D4096/SFSense.app/www/index.html
2014-05-28 15:14:20.967 SFSense[11597:80b] Multi-tasking -> Device: YES, App: YES
2014-05-28 15:14:20.972 SFSense[11597:80b] Unlimited access to network resources
2014-05-28 15:14:20.987 SFSense[11597:80b] [CDVTimer][keyboard] 0.055015ms
2014-05-28 15:14:20.988 SFSense[11597:80b] CDVPlugin class CDVStatusBar (pluginName: statusbar) does not exist.
2014-05-28 15:14:20.988 SFSense[11597:80b] [CDVTimer][statusbar] 0.340998ms
2014-05-28 15:14:20.988 SFSense[11597:80b] [CDVTimer][TotalPluginStartup] 1.152992ms
2014-05-28 15:14:21.016 SFSense[11597:80b] Resetting plugins due to page load.
2014-05-28 15:14:22.619 SFSense[11597:80b] Finished load of: file:///Users/mattolde/Library/Application%20Support/iPhone%20Simulator/7.0.3/Applications/DEA9EE75-034A-4676-96FD-F388F53D4096/SFSense.app/www/index.html
2014-05-28 15:15:41.431 SFSense[12017:80b] Multi-tasking -> Device: YES, App: YES
2014-05-28 15:15:41.437 SFSense[12017:80b] Unlimited access to network resources
2014-05-28 15:15:41.452 SFSense[12017:80b] [CDVTimer][keyboard] 0.057995ms
2014-05-28 15:15:41.452 SFSense[12017:80b] CDVPlugin class CDVStatusBar (pluginName: statusbar) does not exist.
2014-05-28 15:15:41.452 SFSense[12017:80b] [CDVTimer][statusbar] 0.316024ms
2014-05-28 15:15:41.453 SFSense[12017:80b] [CDVTimer][TotalPluginStartup] 1.080036ms
2014-05-28 15:15:41.482 SFSense[12017:80b] Resetting plugins due to page load.
2014-05-28 15:15:41.919 SFSense[12017:80b] Finished load of: file:///Users/mattolde/Library/Application%20Support/iPhone%20Simulator/7.0.3/Applications/DEA9EE75-034A-4676-96FD-F388F53D4096/SFSense.app/www/index.html
